CRITICAL - 2021-01-08 23:08:24 --> syntax error, unexpected end of file
#0 /home/BrondoL/Downloads/Bioskop/system/Common.php(1119): CodeIgniter\View\View->render('Auth/Login', Array, true)
#1 /home/BrondoL/Downloads/Bioskop/app/Controllers/Auth.php(16): view('Auth/Login', Array)
#2 /home/BrondoL/Downloads/Bioskop/system/CodeIgniter.php(918): App\Controllers\Auth->index()
#3 /home/BrondoL/Downloads/Bioskop/system/CodeIgniter.php(404): CodeIgniter\CodeIgniter->runController(Object(App\Controllers\Auth))
#4 /home/BrondoL/Downloads/Bioskop/system/CodeIgniter.php(312): CodeIgniter\CodeIgniter->handleRequest(NULL, Object(Config\Cache), false)
#5 /home/BrondoL/Downloads/Bioskop/public/index.php(45): CodeIgniter\CodeIgniter->run()
#6 /home/BrondoL/Downloads/Bioskop/system/Commands/Server/rewrite.php(34): require_once('/home/BrondoL/D...')
#7 {main}
CRITICAL - 2021-01-08 23:08:43 --> syntax error, unexpected end of file
#0 /home/BrondoL/Downloads/Bioskop/system/Common.php(1119): CodeIgniter\View\View->render('Auth/Login', Array, true)
#1 /home/BrondoL/Downloads/Bioskop/app/Controllers/Auth.php(16): view('Auth/Login', Array)
#2 /home/BrondoL/Downloads/Bioskop/system/CodeIgniter.php(918): App\Controllers\Auth->index()
#3 /home/BrondoL/Downloads/Bioskop/system/CodeIgniter.php(404): CodeIgniter\CodeIgniter->runController(Object(App\Controllers\Auth))
#4 /home/BrondoL/Downloads/Bioskop/system/CodeIgniter.php(312): CodeIgniter\CodeIgniter->handleRequest(NULL, Object(Config\Cache), false)
#5 /home/BrondoL/Downloads/Bioskop/public/index.php(45): CodeIgniter\CodeIgniter->run()
#6 /home/BrondoL/Downloads/Bioskop/system/Commands/Server/rewrite.php(34): require_once('/home/BrondoL/D...')
#7 {main}
CRITICAL - 2021-01-08 23:13:57 --> Undefined property: CodeIgniter\View\View::$session
#0 /home/BrondoL/Downloads/Bioskop/app/Views/Auth/Login.php(39): CodeIgniter\Debug\Exceptions->errorHandler(8, 'Undefined prope...', '/home/BrondoL/D...', 39, Array)
#1 /home/BrondoL/Downloads/Bioskop/system/View/View.php(246): include('/home/BrondoL/D...')
#2 /home/BrondoL/Downloads/Bioskop/system/Common.php(1119): CodeIgniter\View\View->render('Auth/Login', Array, true)
#3 /home/BrondoL/Downloads/Bioskop/app/Controllers/Auth.php(16): view('Auth/Login', Array)
#4 /home/BrondoL/Downloads/Bioskop/system/CodeIgniter.php(918): App\Controllers\Auth->index()
#5 /home/BrondoL/Downloads/Bioskop/system/CodeIgniter.php(404): CodeIgniter\CodeIgniter->runController(Object(App\Controllers\Auth))
#6 /home/BrondoL/Downloads/Bioskop/system/CodeIgniter.php(312): CodeIgniter\CodeIgniter->handleRequest(NULL, Object(Config\Cache), false)
#7 /home/BrondoL/Downloads/Bioskop/public/index.php(45): CodeIgniter\CodeIgniter->run()
#8 /home/BrondoL/Downloads/Bioskop/system/Commands/Server/rewrite.php(34): require_once('/home/BrondoL/D...')
#9 {main}
CRITICAL - 2021-01-08 23:14:43 --> Undefined property: CodeIgniter\View\View::$session
#0 /home/BrondoL/Downloads/Bioskop/app/Views/Auth/Login.php(39): CodeIgniter\Debug\Exceptions->errorHandler(8, 'Undefined prope...', '/home/BrondoL/D...', 39, Array)
#1 /home/BrondoL/Downloads/Bioskop/system/View/View.php(246): include('/home/BrondoL/D...')
#2 /home/BrondoL/Downloads/Bioskop/system/Common.php(1119): CodeIgniter\View\View->render('Auth/Login', Array, true)
#3 /home/BrondoL/Downloads/Bioskop/app/Controllers/Auth.php(16): view('Auth/Login', Array)
#4 /home/BrondoL/Downloads/Bioskop/system/CodeIgniter.php(918): App\Controllers\Auth->index()
#5 /home/BrondoL/Downloads/Bioskop/system/CodeIgniter.php(404): CodeIgniter\CodeIgniter->runController(Object(App\Controllers\Auth))
#6 /home/BrondoL/Downloads/Bioskop/system/CodeIgniter.php(312): CodeIgniter\CodeIgniter->handleRequest(NULL, Object(Config\Cache), false)
#7 /home/BrondoL/Downloads/Bioskop/public/index.php(45): CodeIgniter\CodeIgniter->run()
#8 /home/BrondoL/Downloads/Bioskop/system/Commands/Server/rewrite.php(34): require_once('/home/BrondoL/D...')
#9 {main}
CRITICAL - 2021-01-08 23:19:15 --> Undefined property: CodeIgniter\View\View::$session
#0 /home/BrondoL/Downloads/Bioskop/app/Views/Auth/Login.php(40): CodeIgniter\Debug\Exceptions->errorHandler(8, 'Undefined prope...', '/home/BrondoL/D...', 40, Array)
#1 /home/BrondoL/Downloads/Bioskop/system/View/View.php(246): include('/home/BrondoL/D...')
#2 /home/BrondoL/Downloads/Bioskop/system/Common.php(1119): CodeIgniter\View\View->render('Auth/Login', Array, true)
#3 /home/BrondoL/Downloads/Bioskop/app/Controllers/Auth.php(16): view('Auth/Login', Array)
#4 /home/BrondoL/Downloads/Bioskop/system/CodeIgniter.php(918): App\Controllers\Auth->index()
#5 /home/BrondoL/Downloads/Bioskop/system/CodeIgniter.php(404): CodeIgniter\CodeIgniter->runController(Object(App\Controllers\Auth))
#6 /home/BrondoL/Downloads/Bioskop/system/CodeIgniter.php(312): CodeIgniter\CodeIgniter->handleRequest(NULL, Object(Config\Cache), false)
#7 /home/BrondoL/Downloads/Bioskop/public/index.php(45): CodeIgniter\CodeIgniter->run()
#8 /home/BrondoL/Downloads/Bioskop/system/Commands/Server/rewrite.php(34): require_once('/home/BrondoL/D...')
#9 {main}
CRITICAL - 2021-01-08 23:40:18 --> syntax error, unexpected 'isset' (T_ISSET), expecting '('
#0 /home/BrondoL/Downloads/Bioskop/system/Common.php(1119): CodeIgniter\View\View->render('Auth/Login', Array, true)
#1 /home/BrondoL/Downloads/Bioskop/app/Controllers/Auth.php(16): view('Auth/Login', Array)
#2 /home/BrondoL/Downloads/Bioskop/system/CodeIgniter.php(918): App\Controllers\Auth->index()
#3 /home/BrondoL/Downloads/Bioskop/system/CodeIgniter.php(404): CodeIgniter\CodeIgniter->runController(Object(App\Controllers\Auth))
#4 /home/BrondoL/Downloads/Bioskop/system/CodeIgniter.php(312): CodeIgniter\CodeIgniter->handleRequest(NULL, Object(Config\Cache), false)
#5 /home/BrondoL/Downloads/Bioskop/public/index.php(45): CodeIgniter\CodeIgniter->run()
#6 /home/BrondoL/Downloads/Bioskop/system/Commands/Server/rewrite.php(34): require_once('/home/BrondoL/D...')
#7 {main}
CRITICAL - 2021-01-08 23:40:42 --> Cannot use isset() on the result of an expression (you can use "null !== expression" instead)
#0 [internal function]: CodeIgniter\Debug\Exceptions->shutdownHandler()
#1 {main}
