CRITICAL - 2021-01-15 00:55:43 --> Unknown column 'bukti' in 'field list'
#0 /home/BrondoL/Desktop/WeTech/system/Database/MySQLi/Connection.php(331): mysqli->query('UPDATE `checkou...')
#1 /home/BrondoL/Desktop/WeTech/system/Database/BaseConnection.php(741): CodeIgniter\Database\MySQLi\Connection->execute('UPDATE `checkou...')
#2 /home/BrondoL/Desktop/WeTech/system/Database/BaseConnection.php(669): CodeIgniter\Database\BaseConnection->simpleQuery('UPDATE `checkou...')
#3 /home/BrondoL/Desktop/WeTech/system/Database/BaseBuilder.php(2456): CodeIgniter\Database\BaseConnection->query('UPDATE `checkou...', Array, false)
#4 /home/BrondoL/Desktop/WeTech/app/Models/CheckoutModel.php(31): CodeIgniter\Database\BaseBuilder->update(Array)
#5 /home/BrondoL/Desktop/WeTech/app/Controllers/Bukti.php(45): App\Models\CheckoutModel->update_checkout(Array, 1)
#6 /home/BrondoL/Desktop/WeTech/system/CodeIgniter.php(918): App\Controllers\Bukti->save()
#7 /home/BrondoL/Desktop/WeTech/system/CodeIgniter.php(404): CodeIgniter\CodeIgniter->runController(Object(App\Controllers\Bukti))
#8 /home/BrondoL/Desktop/WeTech/system/CodeIgniter.php(312): CodeIgniter\CodeIgniter->handleRequest(NULL, Object(Config\Cache), false)
#9 /home/BrondoL/Desktop/WeTech/public/index.php(45): CodeIgniter\CodeIgniter->run()
#10 /home/BrondoL/Desktop/WeTech/system/Commands/Server/rewrite.php(34): require_once('/home/BrondoL/D...')
#11 {main}
CRITICAL - 2021-01-15 03:03:45 --> Too few arguments to function App\Controllers\Checkout::index(), 0 passed in /home/BrondoL/Desktop/WeTech/system/CodeIgniter.php on line 918 and exactly 1 expected
#0 /home/BrondoL/Desktop/WeTech/system/CodeIgniter.php(918): App\Controllers\Checkout->index()
#1 /home/BrondoL/Desktop/WeTech/system/CodeIgniter.php(404): CodeIgniter\CodeIgniter->runController(Object(App\Controllers\Checkout))
#2 /home/BrondoL/Desktop/WeTech/system/CodeIgniter.php(312): CodeIgniter\CodeIgniter->handleRequest(NULL, Object(Config\Cache), false)
#3 /home/BrondoL/Desktop/WeTech/public/index.php(45): CodeIgniter\CodeIgniter->run()
#4 /home/BrondoL/Desktop/WeTech/system/Commands/Server/rewrite.php(34): require_once('/home/BrondoL/D...')
#5 {main}
CRITICAL - 2021-01-15 03:04:20 --> You have an error in your SQL syntax; check the manual that corresponds to your MariaDB server version for the right syntax to use near '' at line 1
#0 /home/BrondoL/Desktop/WeTech/system/Database/MySQLi/Connection.php(331): mysqli->query('select * from m...')
#1 /home/BrondoL/Desktop/WeTech/system/Database/BaseConnection.php(741): CodeIgniter\Database\MySQLi\Connection->execute('select * from m...')
#2 /home/BrondoL/Desktop/WeTech/system/Database/BaseConnection.php(669): CodeIgniter\Database\BaseConnection->simpleQuery('select * from m...')
#3 /home/BrondoL/Desktop/WeTech/app/Models/Moviemodel.php(25): CodeIgniter\Database\BaseConnection->query('select * from m...')
#4 /home/BrondoL/Desktop/WeTech/app/Controllers/Checkout.php(26): App\Models\Moviemodel->edit_movie(false)
#5 /home/BrondoL/Desktop/WeTech/system/CodeIgniter.php(918): App\Controllers\Checkout->index()
#6 /home/BrondoL/Desktop/WeTech/system/CodeIgniter.php(404): CodeIgniter\CodeIgniter->runController(Object(App\Controllers\Checkout))
#7 /home/BrondoL/Desktop/WeTech/system/CodeIgniter.php(312): CodeIgniter\CodeIgniter->handleRequest(NULL, Object(Config\Cache), false)
#8 /home/BrondoL/Desktop/WeTech/public/index.php(45): CodeIgniter\CodeIgniter->run()
#9 /home/BrondoL/Desktop/WeTech/system/Commands/Server/rewrite.php(34): require_once('/home/BrondoL/D...')
#10 {main}
CRITICAL - 2021-01-15 03:06:11 --> Undefined index: movie_id
#0 /home/BrondoL/Desktop/WeTech/app/Views/AdminBayar/bayar.php(35): CodeIgniter\Debug\Exceptions->errorHandler(8, 'Undefined index...', '/home/BrondoL/D...', 35, Array)
#1 /home/BrondoL/Desktop/WeTech/system/View/View.php(246): include('/home/BrondoL/D...')
#2 /home/BrondoL/Desktop/WeTech/system/Common.php(1119): CodeIgniter\View\View->render('AdminBayar/baya...', Array, true)
#3 /home/BrondoL/Desktop/WeTech/app/Views/layouts/content.php(3): view('AdminBayar/baya...')
#4 /home/BrondoL/Desktop/WeTech/system/View/View.php(246): include('/home/BrondoL/D...')
#5 /home/BrondoL/Desktop/WeTech/system/Common.php(1119): CodeIgniter\View\View->render('layouts/content', Array, true)
#6 /home/BrondoL/Desktop/WeTech/app/Views/layouts/wrapper.php(4): view('layouts/content')
#7 /home/BrondoL/Desktop/WeTech/system/View/View.php(246): include('/home/BrondoL/D...')
#8 /home/BrondoL/Desktop/WeTech/system/Common.php(1119): CodeIgniter\View\View->render('layouts/wrapper', Array, true)
#9 /home/BrondoL/Desktop/WeTech/app/Controllers/Checkout.php(27): view('layouts/wrapper', Array)
#10 /home/BrondoL/Desktop/WeTech/system/CodeIgniter.php(918): App\Controllers\Checkout->index()
#11 /home/BrondoL/Desktop/WeTech/system/CodeIgniter.php(404): CodeIgniter\CodeIgniter->runController(Object(App\Controllers\Checkout))
#12 /home/BrondoL/Desktop/WeTech/system/CodeIgniter.php(312): CodeIgniter\CodeIgniter->handleRequest(NULL, Object(Config\Cache), false)
#13 /home/BrondoL/Desktop/WeTech/public/index.php(45): CodeIgniter\CodeIgniter->run()
#14 /home/BrondoL/Desktop/WeTech/system/Commands/Server/rewrite.php(34): require_once('/home/BrondoL/D...')
#15 {main}
CRITICAL - 2021-01-15 03:06:26 --> Undefined index: movie_id
#0 /home/BrondoL/Desktop/WeTech/app/Views/AdminBayar/bayar.php(35): CodeIgniter\Debug\Exceptions->errorHandler(8, 'Undefined index...', '/home/BrondoL/D...', 35, Array)
#1 /home/BrondoL/Desktop/WeTech/system/View/View.php(246): include('/home/BrondoL/D...')
#2 /home/BrondoL/Desktop/WeTech/system/Common.php(1119): CodeIgniter\View\View->render('AdminBayar/baya...', Array, true)
#3 /home/BrondoL/Desktop/WeTech/app/Views/layouts/content.php(3): view('AdminBayar/baya...')
#4 /home/BrondoL/Desktop/WeTech/system/View/View.php(246): include('/home/BrondoL/D...')
#5 /home/BrondoL/Desktop/WeTech/system/Common.php(1119): CodeIgniter\View\View->render('layouts/content', Array, true)
#6 /home/BrondoL/Desktop/WeTech/app/Views/layouts/wrapper.php(4): view('layouts/content')
#7 /home/BrondoL/Desktop/WeTech/system/View/View.php(246): include('/home/BrondoL/D...')
#8 /home/BrondoL/Desktop/WeTech/system/Common.php(1119): CodeIgniter\View\View->render('layouts/wrapper', Array, true)
#9 /home/BrondoL/Desktop/WeTech/app/Controllers/Checkout.php(27): view('layouts/wrapper', Array)
#10 /home/BrondoL/Desktop/WeTech/system/CodeIgniter.php(918): App\Controllers\Checkout->index()
#11 /home/BrondoL/Desktop/WeTech/system/CodeIgniter.php(404): CodeIgniter\CodeIgniter->runController(Object(App\Controllers\Checkout))
#12 /home/BrondoL/Desktop/WeTech/system/CodeIgniter.php(312): CodeIgniter\CodeIgniter->handleRequest(NULL, Object(Config\Cache), false)
#13 /home/BrondoL/Desktop/WeTech/public/index.php(45): CodeIgniter\CodeIgniter->run()
#14 /home/BrondoL/Desktop/WeTech/system/Commands/Server/rewrite.php(34): require_once('/home/BrondoL/D...')
#15 {main}
CRITICAL - 2021-01-15 03:09:48 --> Undefined index: movie_id
#0 /home/BrondoL/Desktop/WeTech/app/Views/AdminBayar/bayar.php(35): CodeIgniter\Debug\Exceptions->errorHandler(8, 'Undefined index...', '/home/BrondoL/D...', 35, Array)
#1 /home/BrondoL/Desktop/WeTech/system/View/View.php(246): include('/home/BrondoL/D...')
#2 /home/BrondoL/Desktop/WeTech/system/Common.php(1119): CodeIgniter\View\View->render('AdminBayar/baya...', Array, true)
#3 /home/BrondoL/Desktop/WeTech/app/Views/layouts/content.php(3): view('AdminBayar/baya...')
#4 /home/BrondoL/Desktop/WeTech/system/View/View.php(246): include('/home/BrondoL/D...')
#5 /home/BrondoL/Desktop/WeTech/system/Common.php(1119): CodeIgniter\View\View->render('layouts/content', Array, true)
#6 /home/BrondoL/Desktop/WeTech/app/Views/layouts/wrapper.php(4): view('layouts/content')
#7 /home/BrondoL/Desktop/WeTech/system/View/View.php(246): include('/home/BrondoL/D...')
#8 /home/BrondoL/Desktop/WeTech/system/Common.php(1119): CodeIgniter\View\View->render('layouts/wrapper', Array, true)
#9 /home/BrondoL/Desktop/WeTech/app/Controllers/Checkouts.php(22): view('layouts/wrapper', Array)
#10 /home/BrondoL/Desktop/WeTech/system/CodeIgniter.php(918): App\Controllers\Checkouts->index()
#11 /home/BrondoL/Desktop/WeTech/system/CodeIgniter.php(404): CodeIgniter\CodeIgniter->runController(Object(App\Controllers\Checkouts))
#12 /home/BrondoL/Desktop/WeTech/system/CodeIgniter.php(312): CodeIgniter\CodeIgniter->handleRequest(NULL, Object(Config\Cache), false)
#13 /home/BrondoL/Desktop/WeTech/public/index.php(45): CodeIgniter\CodeIgniter->run()
#14 /home/BrondoL/Desktop/WeTech/system/Commands/Server/rewrite.php(34): require_once('/home/BrondoL/D...')
#15 {main}
CRITICAL - 2021-01-15 03:10:40 --> Undefined index: movie_id
#0 /home/BrondoL/Desktop/WeTech/app/Views/AdminBayar/bayar.php(35): CodeIgniter\Debug\Exceptions->errorHandler(8, 'Undefined index...', '/home/BrondoL/D...', 35, Array)
#1 /home/BrondoL/Desktop/WeTech/system/View/View.php(246): include('/home/BrondoL/D...')
#2 /home/BrondoL/Desktop/WeTech/system/Common.php(1119): CodeIgniter\View\View->render('AdminBayar/baya...', Array, true)
#3 /home/BrondoL/Desktop/WeTech/app/Views/layouts/content.php(3): view('AdminBayar/baya...')
#4 /home/BrondoL/Desktop/WeTech/system/View/View.php(246): include('/home/BrondoL/D...')
#5 /home/BrondoL/Desktop/WeTech/system/Common.php(1119): CodeIgniter\View\View->render('layouts/content', Array, true)
#6 /home/BrondoL/Desktop/WeTech/app/Views/layouts/wrapper.php(4): view('layouts/content')
#7 /home/BrondoL/Desktop/WeTech/system/View/View.php(246): include('/home/BrondoL/D...')
#8 /home/BrondoL/Desktop/WeTech/system/Common.php(1119): CodeIgniter\View\View->render('layouts/wrapper', Array, true)
#9 /home/BrondoL/Desktop/WeTech/app/Controllers/Checkouts.php(22): view('layouts/wrapper', Array)
#10 /home/BrondoL/Desktop/WeTech/system/CodeIgniter.php(918): App\Controllers\Checkouts->index()
#11 /home/BrondoL/Desktop/WeTech/system/CodeIgniter.php(404): CodeIgniter\CodeIgniter->runController(Object(App\Controllers\Checkouts))
#12 /home/BrondoL/Desktop/WeTech/system/CodeIgniter.php(312): CodeIgniter\CodeIgniter->handleRequest(NULL, Object(Config\Cache), false)
#13 /home/BrondoL/Desktop/WeTech/public/index.php(45): CodeIgniter\CodeIgniter->run()
#14 /home/BrondoL/Desktop/WeTech/system/Commands/Server/rewrite.php(34): require_once('/home/BrondoL/D...')
#15 {main}
CRITICAL - 2021-01-15 03:10:48 --> Undefined index: movie_id
#0 /home/BrondoL/Desktop/WeTech/app/Views/AdminBayar/bayar.php(35): CodeIgniter\Debug\Exceptions->errorHandler(8, 'Undefined index...', '/home/BrondoL/D...', 35, Array)
#1 /home/BrondoL/Desktop/WeTech/system/View/View.php(246): include('/home/BrondoL/D...')
#2 /home/BrondoL/Desktop/WeTech/system/Common.php(1119): CodeIgniter\View\View->render('AdminBayar/baya...', Array, true)
#3 /home/BrondoL/Desktop/WeTech/app/Views/layouts/content.php(3): view('AdminBayar/baya...')
#4 /home/BrondoL/Desktop/WeTech/system/View/View.php(246): include('/home/BrondoL/D...')
#5 /home/BrondoL/Desktop/WeTech/system/Common.php(1119): CodeIgniter\View\View->render('layouts/content', Array, true)
#6 /home/BrondoL/Desktop/WeTech/app/Views/layouts/wrapper.php(4): view('layouts/content')
#7 /home/BrondoL/Desktop/WeTech/system/View/View.php(246): include('/home/BrondoL/D...')
#8 /home/BrondoL/Desktop/WeTech/system/Common.php(1119): CodeIgniter\View\View->render('layouts/wrapper', Array, true)
#9 /home/BrondoL/Desktop/WeTech/app/Controllers/Checkouts.php(22): view('layouts/wrapper', Array)
#10 /home/BrondoL/Desktop/WeTech/system/CodeIgniter.php(918): App\Controllers\Checkouts->index()
#11 /home/BrondoL/Desktop/WeTech/system/CodeIgniter.php(404): CodeIgniter\CodeIgniter->runController(Object(App\Controllers\Checkouts))
#12 /home/BrondoL/Desktop/WeTech/system/CodeIgniter.php(312): CodeIgniter\CodeIgniter->handleRequest(NULL, Object(Config\Cache), false)
#13 /home/BrondoL/Desktop/WeTech/public/index.php(45): CodeIgniter\CodeIgniter->run()
#14 /home/BrondoL/Desktop/WeTech/system/Commands/Server/rewrite.php(34): require_once('/home/BrondoL/D...')
#15 {main}
CRITICAL - 2021-01-15 03:12:43 --> Undefined index: movie_id
#0 /home/BrondoL/Desktop/WeTech/app/Views/AdminBayar/bayar.php(35): CodeIgniter\Debug\Exceptions->errorHandler(8, 'Undefined index...', '/home/BrondoL/D...', 35, Array)
#1 /home/BrondoL/Desktop/WeTech/system/View/View.php(246): include('/home/BrondoL/D...')
#2 /home/BrondoL/Desktop/WeTech/system/Common.php(1119): CodeIgniter\View\View->render('AdminBayar/baya...', Array, true)
#3 /home/BrondoL/Desktop/WeTech/app/Views/layouts/content.php(3): view('AdminBayar/baya...')
#4 /home/BrondoL/Desktop/WeTech/system/View/View.php(246): include('/home/BrondoL/D...')
#5 /home/BrondoL/Desktop/WeTech/system/Common.php(1119): CodeIgniter\View\View->render('layouts/content', Array, true)
#6 /home/BrondoL/Desktop/WeTech/app/Views/layouts/wrapper.php(4): view('layouts/content')
#7 /home/BrondoL/Desktop/WeTech/system/View/View.php(246): include('/home/BrondoL/D...')
#8 /home/BrondoL/Desktop/WeTech/system/Common.php(1119): CodeIgniter\View\View->render('layouts/wrapper', Array, true)
#9 /home/BrondoL/Desktop/WeTech/app/Controllers/Checkouts.php(22): view('layouts/wrapper', Array)
#10 /home/BrondoL/Desktop/WeTech/system/CodeIgniter.php(918): App\Controllers\Checkouts->index()
#11 /home/BrondoL/Desktop/WeTech/system/CodeIgniter.php(404): CodeIgniter\CodeIgniter->runController(Object(App\Controllers\Checkouts))
#12 /home/BrondoL/Desktop/WeTech/system/CodeIgniter.php(312): CodeIgniter\CodeIgniter->handleRequest(NULL, Object(Config\Cache), false)
#13 /home/BrondoL/Desktop/WeTech/public/index.php(45): CodeIgniter\CodeIgniter->run()
#14 /home/BrondoL/Desktop/WeTech/system/Commands/Server/rewrite.php(34): require_once('/home/BrondoL/D...')
#15 {main}
CRITICAL - 2021-01-15 03:14:09 --> Unknown column 'css' in 'where clause'
#0 /home/BrondoL/Desktop/WeTech/system/Database/MySQLi/Connection.php(331): mysqli->query('select * from c...')
#1 /home/BrondoL/Desktop/WeTech/system/Database/BaseConnection.php(741): CodeIgniter\Database\MySQLi\Connection->execute('select * from c...')
#2 /home/BrondoL/Desktop/WeTech/system/Database/BaseConnection.php(669): CodeIgniter\Database\BaseConnection->simpleQuery('select * from c...')
#3 /home/BrondoL/Desktop/WeTech/app/Models/CheckoutModel.php(23): CodeIgniter\Database\BaseConnection->query('select * from c...')
#4 /home/BrondoL/Desktop/WeTech/app/Controllers/Checkout.php(60): App\Models\CheckoutModel->edit_checkout('css')
#5 /home/BrondoL/Desktop/WeTech/system/CodeIgniter.php(918): App\Controllers\Checkout->editCheckout('css', 'bootstrap.css')
#6 /home/BrondoL/Desktop/WeTech/system/CodeIgniter.php(404): CodeIgniter\CodeIgniter->runController(Object(App\Controllers\Checkout))
#7 /home/BrondoL/Desktop/WeTech/system/CodeIgniter.php(312): CodeIgniter\CodeIgniter->handleRequest(NULL, Object(Config\Cache), false)
#8 /home/BrondoL/Desktop/WeTech/public/index.php(45): CodeIgniter\CodeIgniter->run()
#9 /home/BrondoL/Desktop/WeTech/system/Commands/Server/rewrite.php(34): require_once('/home/BrondoL/D...')
#10 {main}
CRITICAL - 2021-01-15 03:14:09 --> Unknown column 'css' in 'where clause'
#0 /home/BrondoL/Desktop/WeTech/system/Database/MySQLi/Connection.php(331): mysqli->query('select * from c...')
#1 /home/BrondoL/Desktop/WeTech/system/Database/BaseConnection.php(741): CodeIgniter\Database\MySQLi\Connection->execute('select * from c...')
#2 /home/BrondoL/Desktop/WeTech/system/Database/BaseConnection.php(669): CodeIgniter\Database\BaseConnection->simpleQuery('select * from c...')
#3 /home/BrondoL/Desktop/WeTech/app/Models/CheckoutModel.php(23): CodeIgniter\Database\BaseConnection->query('select * from c...')
#4 /home/BrondoL/Desktop/WeTech/app/Controllers/Checkout.php(60): App\Models\CheckoutModel->edit_checkout('css')
#5 /home/BrondoL/Desktop/WeTech/system/CodeIgniter.php(918): App\Controllers\Checkout->editCheckout('css', 'style.css')
#6 /home/BrondoL/Desktop/WeTech/system/CodeIgniter.php(404): CodeIgniter\CodeIgniter->runController(Object(App\Controllers\Checkout))
#7 /home/BrondoL/Desktop/WeTech/system/CodeIgniter.php(312): CodeIgniter\CodeIgniter->handleRequest(NULL, Object(Config\Cache), false)
#8 /home/BrondoL/Desktop/WeTech/public/index.php(45): CodeIgniter\CodeIgniter->run()
#9 /home/BrondoL/Desktop/WeTech/system/Commands/Server/rewrite.php(34): require_once('/home/BrondoL/D...')
#10 {main}
CRITICAL - 2021-01-15 03:14:09 --> Unknown column 'assets' in 'where clause'
#0 /home/BrondoL/Desktop/WeTech/system/Database/MySQLi/Connection.php(331): mysqli->query('select * from c...')
#1 /home/BrondoL/Desktop/WeTech/system/Database/BaseConnection.php(741): CodeIgniter\Database\MySQLi\Connection->execute('select * from c...')
#2 /home/BrondoL/Desktop/WeTech/system/Database/BaseConnection.php(669): CodeIgniter\Database\BaseConnection->simpleQuery('select * from c...')
#3 /home/BrondoL/Desktop/WeTech/app/Models/CheckoutModel.php(23): CodeIgniter\Database\BaseConnection->query('select * from c...')
#4 /home/BrondoL/Desktop/WeTech/app/Controllers/Checkout.php(60): App\Models\CheckoutModel->edit_checkout('assets')
#5 /home/BrondoL/Desktop/WeTech/system/CodeIgniter.php(918): App\Controllers\Checkout->editCheckout('assets', 'font-awesome', 'css', 'all.css')
#6 /home/BrondoL/Desktop/WeTech/system/CodeIgniter.php(404): CodeIgniter\CodeIgniter->runController(Object(App\Controllers\Checkout))
#7 /home/BrondoL/Desktop/WeTech/system/CodeIgniter.php(312): CodeIgniter\CodeIgniter->handleRequest(NULL, Object(Config\Cache), false)
#8 /home/BrondoL/Desktop/WeTech/public/index.php(45): CodeIgniter\CodeIgniter->run()
#9 /home/BrondoL/Desktop/WeTech/system/Commands/Server/rewrite.php(34): require_once('/home/BrondoL/D...')
#10 {main}
CRITICAL - 2021-01-15 03:14:09 --> Unknown column 'js' in 'where clause'
#0 /home/BrondoL/Desktop/WeTech/system/Database/MySQLi/Connection.php(331): mysqli->query('select * from c...')
#1 /home/BrondoL/Desktop/WeTech/system/Database/BaseConnection.php(741): CodeIgniter\Database\MySQLi\Connection->execute('select * from c...')
#2 /home/BrondoL/Desktop/WeTech/system/Database/BaseConnection.php(669): CodeIgniter\Database\BaseConnection->simpleQuery('select * from c...')
#3 /home/BrondoL/Desktop/WeTech/app/Models/CheckoutModel.php(23): CodeIgniter\Database\BaseConnection->query('select * from c...')
#4 /home/BrondoL/Desktop/WeTech/app/Controllers/Checkout.php(60): App\Models\CheckoutModel->edit_checkout('js')
#5 /home/BrondoL/Desktop/WeTech/system/CodeIgniter.php(918): App\Controllers\Checkout->editCheckout('js', 'jquery.min.js')
#6 /home/BrondoL/Desktop/WeTech/system/CodeIgniter.php(404): CodeIgniter\CodeIgniter->runController(Object(App\Controllers\Checkout))
#7 /home/BrondoL/Desktop/WeTech/system/CodeIgniter.php(312): CodeIgniter\CodeIgniter->handleRequest(NULL, Object(Config\Cache), false)
#8 /home/BrondoL/Desktop/WeTech/public/index.php(45): CodeIgniter\CodeIgniter->run()
#9 /home/BrondoL/Desktop/WeTech/system/Commands/Server/rewrite.php(34): require_once('/home/BrondoL/D...')
#10 {main}
CRITICAL - 2021-01-15 03:14:09 --> Unknown column 'css' in 'where clause'
#0 /home/BrondoL/Desktop/WeTech/system/Database/MySQLi/Connection.php(331): mysqli->query('select * from c...')
#1 /home/BrondoL/Desktop/WeTech/system/Database/BaseConnection.php(741): CodeIgniter\Database\MySQLi\Connection->execute('select * from c...')
#2 /home/BrondoL/Desktop/WeTech/system/Database/BaseConnection.php(669): CodeIgniter\Database\BaseConnection->simpleQuery('select * from c...')
#3 /home/BrondoL/Desktop/WeTech/app/Models/CheckoutModel.php(23): CodeIgniter\Database\BaseConnection->query('select * from c...')
#4 /home/BrondoL/Desktop/WeTech/app/Controllers/Checkout.php(60): App\Models\CheckoutModel->edit_checkout('css')
#5 /home/BrondoL/Desktop/WeTech/system/CodeIgniter.php(918): App\Controllers\Checkout->editCheckout('css', 'bootstrap.css')
#6 /home/BrondoL/Desktop/WeTech/system/CodeIgniter.php(404): CodeIgniter\CodeIgniter->runController(Object(App\Controllers\Checkout))
#7 /home/BrondoL/Desktop/WeTech/system/CodeIgniter.php(312): CodeIgniter\CodeIgniter->handleRequest(NULL, Object(Config\Cache), false)
#8 /home/BrondoL/Desktop/WeTech/public/index.php(45): CodeIgniter\CodeIgniter->run()
#9 /home/BrondoL/Desktop/WeTech/system/Commands/Server/rewrite.php(34): require_once('/home/BrondoL/D...')
#10 {main}
CRITICAL - 2021-01-15 03:14:09 --> Unknown column 'assets' in 'where clause'
#0 /home/BrondoL/Desktop/WeTech/system/Database/MySQLi/Connection.php(331): mysqli->query('select * from c...')
#1 /home/BrondoL/Desktop/WeTech/system/Database/BaseConnection.php(741): CodeIgniter\Database\MySQLi\Connection->execute('select * from c...')
#2 /home/BrondoL/Desktop/WeTech/system/Database/BaseConnection.php(669): CodeIgniter\Database\BaseConnection->simpleQuery('select * from c...')
#3 /home/BrondoL/Desktop/WeTech/app/Models/CheckoutModel.php(23): CodeIgniter\Database\BaseConnection->query('select * from c...')
#4 /home/BrondoL/Desktop/WeTech/app/Controllers/Checkout.php(60): App\Models\CheckoutModel->edit_checkout('assets')
#5 /home/BrondoL/Desktop/WeTech/system/CodeIgniter.php(918): App\Controllers\Checkout->editCheckout('assets', 'font-awesome', 'css', 'all.css')
#6 /home/BrondoL/Desktop/WeTech/system/CodeIgniter.php(404): CodeIgniter\CodeIgniter->runController(Object(App\Controllers\Checkout))
#7 /home/BrondoL/Desktop/WeTech/system/CodeIgniter.php(312): CodeIgniter\CodeIgniter->handleRequest(NULL, Object(Config\Cache), false)
#8 /home/BrondoL/Desktop/WeTech/public/index.php(45): CodeIgniter\CodeIgniter->run()
#9 /home/BrondoL/Desktop/WeTech/system/Commands/Server/rewrite.php(34): require_once('/home/BrondoL/D...')
#10 {main}
CRITICAL - 2021-01-15 03:14:09 --> Unknown column 'css' in 'where clause'
#0 /home/BrondoL/Desktop/WeTech/system/Database/MySQLi/Connection.php(331): mysqli->query('select * from c...')
#1 /home/BrondoL/Desktop/WeTech/system/Database/BaseConnection.php(741): CodeIgniter\Database\MySQLi\Connection->execute('select * from c...')
#2 /home/BrondoL/Desktop/WeTech/system/Database/BaseConnection.php(669): CodeIgniter\Database\BaseConnection->simpleQuery('select * from c...')
#3 /home/BrondoL/Desktop/WeTech/app/Models/CheckoutModel.php(23): CodeIgniter\Database\BaseConnection->query('select * from c...')
#4 /home/BrondoL/Desktop/WeTech/app/Controllers/Checkout.php(60): App\Models\CheckoutModel->edit_checkout('css')
#5 /home/BrondoL/Desktop/WeTech/system/CodeIgniter.php(918): App\Controllers\Checkout->editCheckout('css', 'style.css')
#6 /home/BrondoL/Desktop/WeTech/system/CodeIgniter.php(404): CodeIgniter\CodeIgniter->runController(Object(App\Controllers\Checkout))
#7 /home/BrondoL/Desktop/WeTech/system/CodeIgniter.php(312): CodeIgniter\CodeIgniter->handleRequest(NULL, Object(Config\Cache), false)
#8 /home/BrondoL/Desktop/WeTech/public/index.php(45): CodeIgniter\CodeIgniter->run()
#9 /home/BrondoL/Desktop/WeTech/system/Commands/Server/rewrite.php(34): require_once('/home/BrondoL/D...')
#10 {main}
CRITICAL - 2021-01-15 03:14:09 --> Unknown column 'js' in 'where clause'
#0 /home/BrondoL/Desktop/WeTech/system/Database/MySQLi/Connection.php(331): mysqli->query('select * from c...')
#1 /home/BrondoL/Desktop/WeTech/system/Database/BaseConnection.php(741): CodeIgniter\Database\MySQLi\Connection->execute('select * from c...')
#2 /home/BrondoL/Desktop/WeTech/system/Database/BaseConnection.php(669): CodeIgniter\Database\BaseConnection->simpleQuery('select * from c...')
#3 /home/BrondoL/Desktop/WeTech/app/Models/CheckoutModel.php(23): CodeIgniter\Database\BaseConnection->query('select * from c...')
#4 /home/BrondoL/Desktop/WeTech/app/Controllers/Checkout.php(60): App\Models\CheckoutModel->edit_checkout('js')
#5 /home/BrondoL/Desktop/WeTech/system/CodeIgniter.php(918): App\Controllers\Checkout->editCheckout('js', 'jquery.flexisel...')
#6 /home/BrondoL/Desktop/WeTech/system/CodeIgniter.php(404): CodeIgniter\CodeIgniter->runController(Object(App\Controllers\Checkout))
#7 /home/BrondoL/Desktop/WeTech/system/CodeIgniter.php(312): CodeIgniter\CodeIgniter->handleRequest(NULL, Object(Config\Cache), false)
#8 /home/BrondoL/Desktop/WeTech/public/index.php(45): CodeIgniter\CodeIgniter->run()
#9 /home/BrondoL/Desktop/WeTech/system/Commands/Server/rewrite.php(34): require_once('/home/BrondoL/D...')
#10 {main}
CRITICAL - 2021-01-15 03:14:09 --> Unknown column 'images' in 'where clause'
#0 /home/BrondoL/Desktop/WeTech/system/Database/MySQLi/Connection.php(331): mysqli->query('select * from c...')
#1 /home/BrondoL/Desktop/WeTech/system/Database/BaseConnection.php(741): CodeIgniter\Database\MySQLi\Connection->execute('select * from c...')
#2 /home/BrondoL/Desktop/WeTech/system/Database/BaseConnection.php(669): CodeIgniter\Database\BaseConnection->simpleQuery('select * from c...')
#3 /home/BrondoL/Desktop/WeTech/app/Models/CheckoutModel.php(23): CodeIgniter\Database\BaseConnection->query('select * from c...')
#4 /home/BrondoL/Desktop/WeTech/app/Controllers/Checkout.php(60): App\Models\CheckoutModel->edit_checkout('images')
#5 /home/BrondoL/Desktop/WeTech/system/CodeIgniter.php(918): App\Controllers\Checkout->editCheckout('images', 'logo.png')
#6 /home/BrondoL/Desktop/WeTech/system/CodeIgniter.php(404): CodeIgniter\CodeIgniter->runController(Object(App\Controllers\Checkout))
#7 /home/BrondoL/Desktop/WeTech/system/CodeIgniter.php(312): CodeIgniter\CodeIgniter->handleRequest(NULL, Object(Config\Cache), false)
#8 /home/BrondoL/Desktop/WeTech/public/index.php(45): CodeIgniter\CodeIgniter->run()
#9 /home/BrondoL/Desktop/WeTech/system/Commands/Server/rewrite.php(34): require_once('/home/BrondoL/D...')
#10 {main}
CRITICAL - 2021-01-15 03:16:58 --> Unknown column 'css' in 'where clause'
#0 /home/BrondoL/Desktop/WeTech/system/Database/MySQLi/Connection.php(331): mysqli->query('select * from c...')
#1 /home/BrondoL/Desktop/WeTech/system/Database/BaseConnection.php(741): CodeIgniter\Database\MySQLi\Connection->execute('select * from c...')
#2 /home/BrondoL/Desktop/WeTech/system/Database/BaseConnection.php(669): CodeIgniter\Database\BaseConnection->simpleQuery('select * from c...')
#3 /home/BrondoL/Desktop/WeTech/app/Models/CheckoutModel.php(23): CodeIgniter\Database\BaseConnection->query('select * from c...')
#4 /home/BrondoL/Desktop/WeTech/app/Controllers/Checkout.php(60): App\Models\CheckoutModel->edit_checkout('css')
#5 /home/BrondoL/Desktop/WeTech/system/CodeIgniter.php(918): App\Controllers\Checkout->editCheckout('css', 'bootstrap.css')
#6 /home/BrondoL/Desktop/WeTech/system/CodeIgniter.php(404): CodeIgniter\CodeIgniter->runController(Object(App\Controllers\Checkout))
#7 /home/BrondoL/Desktop/WeTech/system/CodeIgniter.php(312): CodeIgniter\CodeIgniter->handleRequest(NULL, Object(Config\Cache), false)
#8 /home/BrondoL/Desktop/WeTech/public/index.php(45): CodeIgniter\CodeIgniter->run()
#9 /home/BrondoL/Desktop/WeTech/system/Commands/Server/rewrite.php(34): require_once('/home/BrondoL/D...')
#10 {main}
CRITICAL - 2021-01-15 03:16:58 --> Unknown column 'css' in 'where clause'
#0 /home/BrondoL/Desktop/WeTech/system/Database/MySQLi/Connection.php(331): mysqli->query('select * from c...')
#1 /home/BrondoL/Desktop/WeTech/system/Database/BaseConnection.php(741): CodeIgniter\Database\MySQLi\Connection->execute('select * from c...')
#2 /home/BrondoL/Desktop/WeTech/system/Database/BaseConnection.php(669): CodeIgniter\Database\BaseConnection->simpleQuery('select * from c...')
#3 /home/BrondoL/Desktop/WeTech/app/Models/CheckoutModel.php(23): CodeIgniter\Database\BaseConnection->query('select * from c...')
#4 /home/BrondoL/Desktop/WeTech/app/Controllers/Checkout.php(60): App\Models\CheckoutModel->edit_checkout('css')
#5 /home/BrondoL/Desktop/WeTech/system/CodeIgniter.php(918): App\Controllers\Checkout->editCheckout('css', 'style.css')
#6 /home/BrondoL/Desktop/WeTech/system/CodeIgniter.php(404): CodeIgniter\CodeIgniter->runController(Object(App\Controllers\Checkout))
#7 /home/BrondoL/Desktop/WeTech/system/CodeIgniter.php(312): CodeIgniter\CodeIgniter->handleRequest(NULL, Object(Config\Cache), false)
#8 /home/BrondoL/Desktop/WeTech/public/index.php(45): CodeIgniter\CodeIgniter->run()
#9 /home/BrondoL/Desktop/WeTech/system/Commands/Server/rewrite.php(34): require_once('/home/BrondoL/D...')
#10 {main}
CRITICAL - 2021-01-15 03:16:58 --> Unknown column 'assets' in 'where clause'
#0 /home/BrondoL/Desktop/WeTech/system/Database/MySQLi/Connection.php(331): mysqli->query('select * from c...')
#1 /home/BrondoL/Desktop/WeTech/system/Database/BaseConnection.php(741): CodeIgniter\Database\MySQLi\Connection->execute('select * from c...')
#2 /home/BrondoL/Desktop/WeTech/system/Database/BaseConnection.php(669): CodeIgniter\Database\BaseConnection->simpleQuery('select * from c...')
#3 /home/BrondoL/Desktop/WeTech/app/Models/CheckoutModel.php(23): CodeIgniter\Database\BaseConnection->query('select * from c...')
#4 /home/BrondoL/Desktop/WeTech/app/Controllers/Checkout.php(60): App\Models\CheckoutModel->edit_checkout('assets')
#5 /home/BrondoL/Desktop/WeTech/system/CodeIgniter.php(918): App\Controllers\Checkout->editCheckout('assets', 'font-awesome', 'css', 'all.css')
#6 /home/BrondoL/Desktop/WeTech/system/CodeIgniter.php(404): CodeIgniter\CodeIgniter->runController(Object(App\Controllers\Checkout))
#7 /home/BrondoL/Desktop/WeTech/system/CodeIgniter.php(312): CodeIgniter\CodeIgniter->handleRequest(NULL, Object(Config\Cache), false)
#8 /home/BrondoL/Desktop/WeTech/public/index.php(45): CodeIgniter\CodeIgniter->run()
#9 /home/BrondoL/Desktop/WeTech/system/Commands/Server/rewrite.php(34): require_once('/home/BrondoL/D...')
#10 {main}
CRITICAL - 2021-01-15 03:16:58 --> Unknown column 'js' in 'where clause'
#0 /home/BrondoL/Desktop/WeTech/system/Database/MySQLi/Connection.php(331): mysqli->query('select * from c...')
#1 /home/BrondoL/Desktop/WeTech/system/Database/BaseConnection.php(741): CodeIgniter\Database\MySQLi\Connection->execute('select * from c...')
#2 /home/BrondoL/Desktop/WeTech/system/Database/BaseConnection.php(669): CodeIgniter\Database\BaseConnection->simpleQuery('select * from c...')
#3 /home/BrondoL/Desktop/WeTech/app/Models/CheckoutModel.php(23): CodeIgniter\Database\BaseConnection->query('select * from c...')
#4 /home/BrondoL/Desktop/WeTech/app/Controllers/Checkout.php(60): App\Models\CheckoutModel->edit_checkout('js')
#5 /home/BrondoL/Desktop/WeTech/system/CodeIgniter.php(918): App\Controllers\Checkout->editCheckout('js', 'jquery.min.js')
#6 /home/BrondoL/Desktop/WeTech/system/CodeIgniter.php(404): CodeIgniter\CodeIgniter->runController(Object(App\Controllers\Checkout))
#7 /home/BrondoL/Desktop/WeTech/system/CodeIgniter.php(312): CodeIgniter\CodeIgniter->handleRequest(NULL, Object(Config\Cache), false)
#8 /home/BrondoL/Desktop/WeTech/public/index.php(45): CodeIgniter\CodeIgniter->run()
#9 /home/BrondoL/Desktop/WeTech/system/Commands/Server/rewrite.php(34): require_once('/home/BrondoL/D...')
#10 {main}
CRITICAL - 2021-01-15 03:16:59 --> Unknown column 'css' in 'where clause'
#0 /home/BrondoL/Desktop/WeTech/system/Database/MySQLi/Connection.php(331): mysqli->query('select * from c...')
#1 /home/BrondoL/Desktop/WeTech/system/Database/BaseConnection.php(741): CodeIgniter\Database\MySQLi\Connection->execute('select * from c...')
#2 /home/BrondoL/Desktop/WeTech/system/Database/BaseConnection.php(669): CodeIgniter\Database\BaseConnection->simpleQuery('select * from c...')
#3 /home/BrondoL/Desktop/WeTech/app/Models/CheckoutModel.php(23): CodeIgniter\Database\BaseConnection->query('select * from c...')
#4 /home/BrondoL/Desktop/WeTech/app/Controllers/Checkout.php(60): App\Models\CheckoutModel->edit_checkout('css')
#5 /home/BrondoL/Desktop/WeTech/system/CodeIgniter.php(918): App\Controllers\Checkout->editCheckout('css', 'bootstrap.css')
#6 /home/BrondoL/Desktop/WeTech/system/CodeIgniter.php(404): CodeIgniter\CodeIgniter->runController(Object(App\Controllers\Checkout))
#7 /home/BrondoL/Desktop/WeTech/system/CodeIgniter.php(312): CodeIgniter\CodeIgniter->handleRequest(NULL, Object(Config\Cache), false)
#8 /home/BrondoL/Desktop/WeTech/public/index.php(45): CodeIgniter\CodeIgniter->run()
#9 /home/BrondoL/Desktop/WeTech/system/Commands/Server/rewrite.php(34): require_once('/home/BrondoL/D...')
#10 {main}
CRITICAL - 2021-01-15 03:16:59 --> Unknown column 'css' in 'where clause'
#0 /home/BrondoL/Desktop/WeTech/system/Database/MySQLi/Connection.php(331): mysqli->query('select * from c...')
#1 /home/BrondoL/Desktop/WeTech/system/Database/BaseConnection.php(741): CodeIgniter\Database\MySQLi\Connection->execute('select * from c...')
#2 /home/BrondoL/Desktop/WeTech/system/Database/BaseConnection.php(669): CodeIgniter\Database\BaseConnection->simpleQuery('select * from c...')
#3 /home/BrondoL/Desktop/WeTech/app/Models/CheckoutModel.php(23): CodeIgniter\Database\BaseConnection->query('select * from c...')
#4 /home/BrondoL/Desktop/WeTech/app/Controllers/Checkout.php(60): App\Models\CheckoutModel->edit_checkout('css')
#5 /home/BrondoL/Desktop/WeTech/system/CodeIgniter.php(918): App\Controllers\Checkout->editCheckout('css', 'style.css')
#6 /home/BrondoL/Desktop/WeTech/system/CodeIgniter.php(404): CodeIgniter\CodeIgniter->runController(Object(App\Controllers\Checkout))
#7 /home/BrondoL/Desktop/WeTech/system/CodeIgniter.php(312): CodeIgniter\CodeIgniter->handleRequest(NULL, Object(Config\Cache), false)
#8 /home/BrondoL/Desktop/WeTech/public/index.php(45): CodeIgniter\CodeIgniter->run()
#9 /home/BrondoL/Desktop/WeTech/system/Commands/Server/rewrite.php(34): require_once('/home/BrondoL/D...')
#10 {main}
CRITICAL - 2021-01-15 03:16:59 --> Unknown column 'js' in 'where clause'
#0 /home/BrondoL/Desktop/WeTech/system/Database/MySQLi/Connection.php(331): mysqli->query('select * from c...')
#1 /home/BrondoL/Desktop/WeTech/system/Database/BaseConnection.php(741): CodeIgniter\Database\MySQLi\Connection->execute('select * from c...')
#2 /home/BrondoL/Desktop/WeTech/system/Database/BaseConnection.php(669): CodeIgniter\Database\BaseConnection->simpleQuery('select * from c...')
#3 /home/BrondoL/Desktop/WeTech/app/Models/CheckoutModel.php(23): CodeIgniter\Database\BaseConnection->query('select * from c...')
#4 /home/BrondoL/Desktop/WeTech/app/Controllers/Checkout.php(60): App\Models\CheckoutModel->edit_checkout('js')
#5 /home/BrondoL/Desktop/WeTech/system/CodeIgniter.php(918): App\Controllers\Checkout->editCheckout('js', 'jquery.flexisel...')
#6 /home/BrondoL/Desktop/WeTech/system/CodeIgniter.php(404): CodeIgniter\CodeIgniter->runController(Object(App\Controllers\Checkout))
#7 /home/BrondoL/Desktop/WeTech/system/CodeIgniter.php(312): CodeIgniter\CodeIgniter->handleRequest(NULL, Object(Config\Cache), false)
#8 /home/BrondoL/Desktop/WeTech/public/index.php(45): CodeIgniter\CodeIgniter->run()
#9 /home/BrondoL/Desktop/WeTech/system/Commands/Server/rewrite.php(34): require_once('/home/BrondoL/D...')
#10 {main}
CRITICAL - 2021-01-15 03:16:59 --> Unknown column 'assets' in 'where clause'
#0 /home/BrondoL/Desktop/WeTech/system/Database/MySQLi/Connection.php(331): mysqli->query('select * from c...')
#1 /home/BrondoL/Desktop/WeTech/system/Database/BaseConnection.php(741): CodeIgniter\Database\MySQLi\Connection->execute('select * from c...')
#2 /home/BrondoL/Desktop/WeTech/system/Database/BaseConnection.php(669): CodeIgniter\Database\BaseConnection->simpleQuery('select * from c...')
#3 /home/BrondoL/Desktop/WeTech/app/Models/CheckoutModel.php(23): CodeIgniter\Database\BaseConnection->query('select * from c...')
#4 /home/BrondoL/Desktop/WeTech/app/Controllers/Checkout.php(60): App\Models\CheckoutModel->edit_checkout('assets')
#5 /home/BrondoL/Desktop/WeTech/system/CodeIgniter.php(918): App\Controllers\Checkout->editCheckout('assets', 'font-awesome', 'css', 'all.css')
#6 /home/BrondoL/Desktop/WeTech/system/CodeIgniter.php(404): CodeIgniter\CodeIgniter->runController(Object(App\Controllers\Checkout))
#7 /home/BrondoL/Desktop/WeTech/system/CodeIgniter.php(312): CodeIgniter\CodeIgniter->handleRequest(NULL, Object(Config\Cache), false)
#8 /home/BrondoL/Desktop/WeTech/public/index.php(45): CodeIgniter\CodeIgniter->run()
#9 /home/BrondoL/Desktop/WeTech/system/Commands/Server/rewrite.php(34): require_once('/home/BrondoL/D...')
#10 {main}
CRITICAL - 2021-01-15 03:16:59 --> Unknown column 'images' in 'where clause'
#0 /home/BrondoL/Desktop/WeTech/system/Database/MySQLi/Connection.php(331): mysqli->query('select * from c...')
#1 /home/BrondoL/Desktop/WeTech/system/Database/BaseConnection.php(741): CodeIgniter\Database\MySQLi\Connection->execute('select * from c...')
#2 /home/BrondoL/Desktop/WeTech/system/Database/BaseConnection.php(669): CodeIgniter\Database\BaseConnection->simpleQuery('select * from c...')
#3 /home/BrondoL/Desktop/WeTech/app/Models/CheckoutModel.php(23): CodeIgniter\Database\BaseConnection->query('select * from c...')
#4 /home/BrondoL/Desktop/WeTech/app/Controllers/Checkout.php(60): App\Models\CheckoutModel->edit_checkout('images')
#5 /home/BrondoL/Desktop/WeTech/system/CodeIgniter.php(918): App\Controllers\Checkout->editCheckout('images', 'logo.png')
#6 /home/BrondoL/Desktop/WeTech/system/CodeIgniter.php(404): CodeIgniter\CodeIgniter->runController(Object(App\Controllers\Checkout))
#7 /home/BrondoL/Desktop/WeTech/system/CodeIgniter.php(312): CodeIgniter\CodeIgniter->handleRequest(NULL, Object(Config\Cache), false)
#8 /home/BrondoL/Desktop/WeTech/public/index.php(45): CodeIgniter\CodeIgniter->run()
#9 /home/BrondoL/Desktop/WeTech/system/Commands/Server/rewrite.php(34): require_once('/home/BrondoL/D...')
#10 {main}
CRITICAL - 2021-01-15 03:16:59 --> Unknown column 'js' in 'where clause'
#0 /home/BrondoL/Desktop/WeTech/system/Database/MySQLi/Connection.php(331): mysqli->query('select * from c...')
#1 /home/BrondoL/Desktop/WeTech/system/Database/BaseConnection.php(741): CodeIgniter\Database\MySQLi\Connection->execute('select * from c...')
#2 /home/BrondoL/Desktop/WeTech/system/Database/BaseConnection.php(669): CodeIgniter\Database\BaseConnection->simpleQuery('select * from c...')
#3 /home/BrondoL/Desktop/WeTech/app/Models/CheckoutModel.php(23): CodeIgniter\Database\BaseConnection->query('select * from c...')
#4 /home/BrondoL/Desktop/WeTech/app/Controllers/Checkout.php(60): App\Models\CheckoutModel->edit_checkout('js')
#5 /home/BrondoL/Desktop/WeTech/system/CodeIgniter.php(918): App\Controllers\Checkout->editCheckout('js', 'jquery.flexisel...')
#6 /home/BrondoL/Desktop/WeTech/system/CodeIgniter.php(404): CodeIgniter\CodeIgniter->runController(Object(App\Controllers\Checkout))
#7 /home/BrondoL/Desktop/WeTech/system/CodeIgniter.php(312): CodeIgniter\CodeIgniter->handleRequest(NULL, Object(Config\Cache), false)
#8 /home/BrondoL/Desktop/WeTech/public/index.php(45): CodeIgniter\CodeIgniter->run()
#9 /home/BrondoL/Desktop/WeTech/system/Commands/Server/rewrite.php(34): require_once('/home/BrondoL/D...')
#10 {main}
